TN:
SF:src\modules\planet\entities\Planet.ts
FN:24,Planet
FNF:1
FNH:1
FNDA:12,Planet
DA:1,1
DA:2,1
DA:3,1
DA:4,1
DA:5,1
DA:6,1
DA:7,1
DA:8,1
DA:9,1
DA:10,1
DA:11,1
DA:12,1
DA:13,1
DA:14,1
DA:15,1
DA:16,1
DA:17,1
DA:18,1
DA:19,1
DA:20,1
DA:21,1
DA:22,1
DA:23,1
DA:24,1
DA:25,12
DA:26,0
DA:27,0
DA:28,12
DA:29,12
DA:30,12
DA:31,12
DA:32,1
DA:33,1
DA:34,1
LF:34
LH:32
BRDA:24,0,0,12
BRDA:25,1,0,0
BRF:2
BRH:1
end_of_record
TN:
SF:src\modules\planet\entities\PlanetRules.ts
FNF:0
FNH:0
DA:1,1
DA:2,1
DA:3,1
DA:4,1
DA:5,1
DA:6,1
DA:7,1
DA:8,1
DA:9,1
DA:10,1
DA:11,1
DA:12,1
DA:13,1
DA:14,1
DA:15,1
DA:16,1
DA:17,1
DA:18,1
DA:19,1
DA:20,1
DA:21,1
DA:22,1
DA:23,1
DA:24,1
DA:25,1
DA:26,1
DA:27,1
DA:28,1
DA:29,1
DA:30,1
DA:31,1
DA:32,1
DA:33,1
DA:34,1
DA:35,1
DA:36,1
DA:37,1
DA:38,1
DA:39,1
DA:40,1
LF:40
LH:40
BRF:0
BRH:0
end_of_record
TN:
SF:src\shared\errors\AppError.ts
FN:6,AppError
FNF:1
FNH:1
FNDA:12,AppError
DA:1,1
DA:2,1
DA:3,1
DA:4,1
DA:5,1
DA:6,1
DA:7,12
DA:8,12
DA:9,12
DA:10,1
LF:10
LH:10
BRDA:6,0,0,12
BRF:1
BRH:1
end_of_record
TN:
SF:src\shared\validation\validator\index.ts
FN:4,validateEntity
FNF:1
FNH:1
FNDA:12,validateEntity
DA:1,1
DA:2,1
DA:3,1
DA:4,12
DA:5,12
DA:6,12
DA:7,12
DA:8,12
DA:9,12
DA:10,12
DA:11,12
DA:12,12
DA:13,12
DA:14,12
DA:15,12
DA:16,12
DA:17,12
DA:18,12
DA:19,12
DA:20,12
LF:20
LH:20
BRDA:4,0,0,12
BRDA:11,1,0,0
BRDA:12,2,0,12
BRDA:14,3,0,16
BRF:4
BRH:3
end_of_record
